fatal: destination path 'vhub-scripts' already exists and is not an empty directory.importedfetching ids0  ids ready to be scrapedFollowingTimeTaken h_m_s: 0_0_7UserData Being Scraped25 ids ready to get scrapedbruceangusdevlin 2058527234 0doublejfishing 293005019 0abigailofgardenia 4097010095 0fieldofhollystudio 5834036836 0seamusmcgoldrick 1699978705 0redlotuscompany 20904658 0dvsshoesoz 2032721982 0x.jagger 29684426021 0lavinavkhanna 543862949 0'user'surteesboats 1556815411 0greigds 2228848364 0aerialangels 214820381 0westmerciapolice 1576635532 0tiaamaher 317730081 0english.sazonova 417295497 0webber_landscapes 693753178 0organichabits_ 62907159476 5christie.williams.design 12434601907 0ange.the.baroudeuse 488709951 0ourbulletjournals 5700938039 0jade.lavina 44517068 0tennesseewhitney 247965933 0pinotandpicassoau 7544928565 0dylannja 27102746 0'user'_painted_strokes00 48132656734 4'user'Users data_pushed  2225 ids ready to get scrapedin.her.whimsy.world 8406343887 0macquariegroup 4422378670 0_leia.and.me_ 40915349160 0baldeagle_lovers 44786732766 0'user'albawabame 6025066076 0'user'mubarak_kmh 1996810517 0r.khill_77 3085484212 0'user'amir_pousti 1163661147 0'user'phil_monahan 146213220 0_nesting_ 2141144 0chris.c.clements 473058578 0totemjd 26440772 0glospolice 4296931847 0coachvenable 1157652995 0diellesmells 43326098 0'user'doa_fishing_lures 549686993 0youngliberalsaus 30896646762 0plan.play.repeat 48505716488 0'user'_oodiii 534460246 0'user'sarahdalywork 7002228267 0malluswag_ 1633505697 1000'user'paschoehouse 3198320650 0'user'_sri_laxmy_ 3966381618 0atelier.francisco 6930008800 0maxi_baby_baby 1347119 0Users data_pushed  1625 ids ready to get scrapedsmcmotorsport_ 4077474244 0venturafreshfish 4749758615 0mosandco 7035345875 0chloejayestudio 1913960758 0hypebeast_stock_ 4753856423 0'user'herliekim 194688911 5thecreativecubs_ 56234471749 0all_i_adore 3184628 0abdalnasseraltibi 1442852946 0'user'sharneehowarth 21261950 0shitpics.avnads 3553267320 0alexthegrizz 242873895 0lightingoptions 6686842439 0xxapple_e 8590776830 0'user'_jessiecarr 388125902 0cindykingcakes 6119650565 0rich_strolis 256418528 0'user'gwendolynrachelfit 47311174785 0'user'kiaramero 181133908 0emilytreece 18916411 0lynn.etc 38230489 0khanna5555 2287080989 020degressud 556417859 0teepeetattoos 38294648114 0izzy.d6 1119204687 0'user'Users data_pushed  1925 ids ready to get scrapedsakroll 3423929 0'user'samuelross._ 42280724 0freaky_myna 1736833039 0wrapworks 2346764686 0siennajonesuk 3044502391 0'user'squareshardware 5830800286 0jaydenewhelehan 277247860 0'user'dianasjoyful.plate 48129408420 0ankitamehraofficial 307482962 6'user'jessie.es.harrold 546243755 0thatrandompost 14895711432 0'user'charlie_brooks 20676064 0fit.giu 9516873358 0stylebyalisha 45080346153 0'user'autoartisan 51116857 0healthycourt_ 1757305994 0senraffciccone 11442876340 0kristjanhelgi 145846296 0anastasiamarinahenesey 3544112222 0theglutenfreemum_ 976304430 0oshorajneesh__ 58367933433 7'user'bibivsworld 307889490 0gabriella.lema 29100865 0carolinaskiffllc 8100567139 0rwilson 194795107 0Users data_pushed  1825 ids ready to get scrapedbacktobasics4lifefitness 184407446 0mattiaworkout 4935939007 0'user'm.l._riley_cape_cod_panel 1350514955 0worcester_uni 1345463344 0hopety__ 20225872 0thecompostrevolution 8499048543 0cubanfishingcenters 2115946563 0notauraaa 2357009815 0partsandlabor 557633029 0reveriche 19865009152 0'user'henry.petrides 1430406532 0brutaltruthau 2222669935 0maahi.xviii  1000Expecting value: line 1 column 1 (char 0)mrivers.13 2168582446 0draycott0 15909541 0bird_tails 6022826906 0motivation_amz 35099897764 0rftte 1690203723 0swededreamsmusic 1209045760 0mischadavis 563077314 0markbwareham 527105294 0vivek.mariappan 1393242824 0mybellyishappy 1514521610 0elegantballoons 523776607 0posy_sleep_co 2260001205 0Users data_pushed  2225 ids ready to get scrapedlucasmarissal_vpi 5576390914 0ivanbudah 18686956 0vanillaoakleigh 1694003542 0genevieverosenbiller 282229 0sinisterwheel 353392254 0anuz_fashion__ 64700155682 0g.eorge 1714476010 0mrsmilnr 361064729 0'user'nexconceptfloors 287870693 0chasing_may 6501007385 0varijvinayak 4401112449 0lanesplitterco 752051617 0revolutionbrand 1334751735 0stellar_designs 18268157 0centraldetailing 3167329313 0recipereview4u 7215618603 0hairbymaxi_ 21775881 0jenny.bw 630803661 0'user'jamesmerlinomp 4583144454 0'user'urbashibmusic 3950196233 0alisathletic 640989010 0maximilianmckay 199419203 0thelibidofairy 62550980421 0natalie_purcell 22388426 0thehughenden 521426220 0Users data_pushed  2225 ids ready to get scrapedmiscosstudio 46676392926 5_livyaaguiarofc 7168075953 0ethan.websternonu 2519281091 0'user'hankscreative 31702034711 0missmiamiablake 7353990923 0nakedmetalstudio 1548880988 0danndonovan_ 7874950074 0rashedca 217737316 0'user'marlo.m.h 4170373071 0spacedresser 1132307106 0style.studio.perth 48965406924 021soho.sq 27705221468 0we_the_babiess 6109851068 0'user'fashionfundey 8562815237 8'user'lancemarshallboen 2980136566 0abroadwetravel 16891814887 0'user'docreativelabs 3659958948 0'user'balloonsbymelissa 14253920249 0mycalmabode 19693241740 0ssfm_cbr 1970744728 0coachdanreeve 1530618179 0oliviaoconnor 12989867 0erica_arrechea 480989358 0gglighting 211981628 0karachifoodie 2762204168 0'user'Users data_pushed  1825 ids ready to get scrapeddzhealthyeats 23177468419 0zendencoffeeandfood 630126488 0howzitchina 301448474 0doriogabriella 6857295855 0terrythetiler 2318285694 0maybenexttime 47040453295 0'user'ameliafitx 32040317326 0social_patakha 2283527214 0'user'wearetoasted 5513533670 0'user'fembotxyz 2063942860 0lauren_butler23 9200911494 0vivaan_clothing 44546393804 4'user'chrisceglanski 226587169 0meassociation 6014225105 0rough_luxury_noosa 3435761600 0josie_fox 1002714177 0higher_level_mma 471040091 0_thefeministathlete0770906765 9725084176 0renee_harata 10735026104 0enhancedfootball 32587485860 0sophiemiyasmith 725428122 0arianastephens 182782262 0nudipedia 4113086753 0_cultivatenutrition_ 1411587102 0'user'hairgrowthhub 57376521955 0Users data_pushed  2025 ids ready to get scrapedkoberugless 27686189444 0gabriella.ann.fox 4473260710 0tig_happens 237818316 0drmehmetcanubur 1398735504 0earthlingryan 10963049 0bedlamrecords 540231846 0rpoutside 52537172 0s.j.abba 296122887 0millie_dow 427004807 0raeganemilyart 4532187248 0'user'silkandsonder 5600179372 5upsceverything 8928687619 0'user'justanaussiedad 8619760268 0_aggg__ 1106918218 0'user'lilipringle 7161943 0zach_zorn 15329219 0katerina.zanna 1124475314 0ecowish_official 5331209280 0'user'theposhshedcompany 2714637361 0alexjadeactive 12012226248 0soni.yun 187618582 0volkovvpv 2275881203 0justartifacts 479297469 0igrclubhouse 409122075 0odyntools 8610277992 0Users data_pushed  2125 ids ready to get scrapedmiindful.mentor 60482165918 0chloecelebrant 2985494416 0_sarahbradyphotography 485677324 0atelierlittleroses  1000Expecting value: line 1 column 1 (char 0)jordon_webber 202597704 0gabyjerrardpr 1387596525 0thewarehouseclique 36642073550 0catalintecuceanu 1442826739 0interfacely 3489454811 332'user'pasquale_vassallo 2537921091 0jcsartdesigns 19527716037 0tostadaofficial 2276312509 0'user'westoolusa 33309867377 0michaelpontin 22334841 0morganjrichards 25680914 0antbull_ 145998291 0carpenterjustine_ 5922178568 0hans.limmer 182765028 0clarescrinecooking 467818821 0siua_maile13 1411448972 0taylah.cratchley 328700900 0defeliceliz 536717891 0mikfit1 47346900719 0'user'booksistency 35330295250 0samaira.jain_123  1000Expecting value: line 1 column 1 (char 0)Users data_pushed  2025 ids ready to get scrapedcalmplay_ 1981430719 0dexterkd_1991 45091279996 0'user'mini.tails 5379619075 0ugmsc 199365480 0jaydenbrown___ 1344356368 0thatsamelia_ 47690715117 0emmaleighartist 3633815039 0solo_climber_ 11657849192 0'user'brionychallis 284003678 0ellabrockley 194227412 0dan.kersnovske 1403044647 0'user'manya_m1982  1000Expecting value: line 1 column 1 (char 0)annashalker 1298735937 0veganjosefinee 27611629743 0'user'keeleuniversity 953634962 0paperandluxe 8557989699 0kursedjohnson 6441943519 011akua11 49780210 0dotkids 4460110907 0angelavalenti_ 206627716 0torityeofficial 2292873687 0laurenliveswell 30043469 0simplynutsaus 38526778532 0houseofriot 1292461764 0the.night.caker 5525440401 0Users data_pushed  20---------------------------------------------------------------------------JSONDecodeError                           Traceback (most recent call last)/usr/local/lib/python3.10/dist-packages/requests/models.py in json(self, **kwargs)    973         try:--> 974             return complexjson.loads(self.text, **kwargs)    975         except JSONDecodeError as e:5 framesJSONDecodeError: Expecting value: line 1 column 1 (char 0)During handling of the above exception, another exception occurred:JSONDecodeError                           Traceback (most recent call last)/usr/local/lib/python3.10/dist-packages/requests/models.py in json(self, **kwargs)    976             # Catch JSON-related errors and raise as requests.JSONDecodeError    977             # This aliases json.JSONDecodeError and simplejson.JSONDecodeError--> 978             raise RequestsJSONDecodeError(e.msg, e.doc, e.pos)    979     980     @propertyJSONDecodeError: Expecting value: line 1 column 1 (char 0)